<?xml version="1.0" encoding="UTF-8"?>
<testsuite name="edu.coursera.concurrent.ListSetTest" time="522.481" tests="6" errors="0" skipped="0" failures="5">
  <properties>
[...]
</properties>
  <testcase name="testCoarseGrainedLockingRandomLarge" classname="edu.coursera.concurrent.ListSetTest" time="151.851">
    <failure message="expected:&lt;50535&gt; but was:&lt;50532&gt;" type="junit.framework.AssertionFailedError"><![CDATA[junit.framework.AssertionFailedError: expected:<50535> but was:<50532>
	at junit.framework.Assert.fail(Assert.java:47)
	at junit.framework.Assert.failNotEquals(Assert.java:280)
	at junit.framework.Assert.assertEquals(Assert.java:64)
	at junit.framework.Assert.assertEquals(Assert.java:198)
	at junit.framework.Assert.assertEquals(Assert.java:204)
	at edu.coursera.concurrent.ListSetTest.testCoarseGrainedLockingHelper(ListSetTest.java:150)
	at edu.coursera.concurrent.ListSetTest.testCoarseGrainedLockingRandomLarge(ListSetTest.java:52)
]]></failure>
    <system-out><![CDATA[=========================================================
CoarseList vs. SyncList (Large Random)
=========================================================
# threads = 8
4.9267106634248x improvement in add throughput (7.520210565895845 -> 37.049901586198914)
5.254096884566901x improvement in contains throughput (21.935837674801206 -> 115.25301638753827)
5.365865047863648x improvement in remove throughput (27.847880950308937 -> 149.42797104833062)
=========================================================
]]></system-out>
  </testcase>
  <testcase name="testCoarseGrainedLockingRepeatingLarge" classname="edu.coursera.concurrent.ListSetTest" time="71.827">
    <failure message="expected:&lt;10000&gt; but was:&lt;10050&gt;" type="junit.framework.AssertionFailedError"><![CDATA[junit.framework.AssertionFailedError: expected:<10000> but was:<10050>
	at junit.framework.Assert.fail(Assert.java:47)
	at junit.framework.Assert.failNotEquals(Assert.java:280)
	at junit.framework.Assert.assertEquals(Assert.java:64)
	at junit.framework.Assert.assertEquals(Assert.java:198)
	at junit.framework.Assert.assertEquals(Assert.java:204)
	at edu.coursera.concurrent.ListSetTest.testCoarseGrainedLockingHelper(ListSetTest.java:158)
	at edu.coursera.concurrent.ListSetTest.testCoarseGrainedLockingRepeatingLarge(ListSetTest.java:69)
]]></failure>
    <system-out><![CDATA[=========================================================
CoarseList vs. SyncList (Large Repeating)
=========================================================
# threads = 8
6.923578947368421x improvement in add throughput (116.76346276644267 -> 808.421052631579)
7.682051282051281x improvement in contains throughput (94.94140335261831 -> 729.3447293447293)
1.618991793669402x improvement in remove throughput (2780.59377262853 -> 4501.758499413833)
=========================================================
]]></system-out>
  </testcase>
  <testcase name="testReadWriteLocksRepeatingSmall" classname="edu.coursera.concurrent.ListSetTest" time="36.592">
    <failure message="expected:&lt;10000&gt; but was:&lt;10001&gt;" type="junit.framework.AssertionFailedError"><![CDATA[junit.framework.AssertionFailedError: expected:<10000> but was:<10001>
	at junit.framework.Assert.fail(Assert.java:47)
	at junit.framework.Assert.failNotEquals(Assert.java:280)
	at junit.framework.Assert.assertEquals(Assert.java:64)
	at junit.framework.Assert.assertEquals(Assert.java:198)
	at junit.framework.Assert.assertEquals(Assert.java:204)
	at edu.coursera.concurrent.ListSetTest.testReadWriteLocksHelper(ListSetTest.java:205)
	at edu.coursera.concurrent.ListSetTest.testReadWriteLocksRepeatingSmall(ListSetTest.java:133)
]]></failure>
    <system-out><![CDATA[=========================================================
RWCoarseList vs. SyncList (Small Repeating)
=========================================================
# threads = 8
6.4657827202737375x improvement in add throughput (127.00932724746974 -> 821.2147134302822)
5.782538659793814x improvement in contains throughput (106.96974761825172 -> 618.5567010309278)
1.6656976744186045x improvement in remove throughput (1116.9284467713787 -> 1860.4651162790697)
=========================================================
]]></system-out>
  </testcase>
  <testcase name="testReadWriteLocksRandomSmall" classname="edu.coursera.concurrent.ListSetTest" time="43.629"/>
  <testcase name="testReadWriteLocksRandomLarge" classname="edu.coursera.concurrent.ListSetTest" time="147.823">
    <failure message="expected:&lt;50535&gt; but was:&lt;50533&gt;" type="junit.framework.AssertionFailedError"><![CDATA[junit.framework.AssertionFailedError: expected:<50535> but was:<50533>
	at junit.framework.Assert.fail(Assert.java:47)
	at junit.framework.Assert.failNotEquals(Assert.java:280)
	at junit.framework.Assert.assertEquals(Assert.java:64)
	at junit.framework.Assert.assertEquals(Assert.java:198)
	at junit.framework.Assert.assertEquals(Assert.java:204)
	at edu.coursera.concurrent.ListSetTest.testReadWriteLocksHelper(ListSetTest.java:197)
	at edu.coursera.concurrent.ListSetTest.testReadWriteLocksRandomLarge(ListSetTest.java:85)
]]></failure>
    <system-out><![CDATA[=========================================================
RWCoarseList vs. SyncList (Large Random)
=========================================================
# threads = 8
3.8227545608206563x improvement in add throughput (9.758031317181759 -> 37.30255872238737)
5.15181637448039x improvement in contains throughput (22.452201368181022 -> 115.66961865172601)
5.42981220657277x improvement in remove throughput (27.66849682244607 -> 150.23474178403757)
=========================================================
]]></system-out>
  </testcase>
  <testcase name="testReadWriteLocksRepeatingLarge" classname="edu.coursera.concurrent.ListSetTest" time="70.759">
    <failure message="expected:&lt;10000&gt; but was:&lt;10194&gt;" type="junit.framework.AssertionFailedError"><![CDATA[junit.framework.AssertionFailedError: expected:<10000> but was:<10194>
	at junit.framework.Assert.fail(Assert.java:47)
	at junit.framework.Assert.failNotEquals(Assert.java:280)
	at junit.framework.Assert.assertEquals(Assert.java:64)
	at junit.framework.Assert.assertEquals(Assert.java:198)
	at junit.framework.Assert.assertEquals(Assert.java:204)
	at edu.coursera.concurrent.ListSetTest.testReadWriteLocksHelper(ListSetTest.java:205)
	at edu.coursera.concurrent.ListSetTest.testReadWriteLocksRepeatingLarge(ListSetTest.java:117)
]]></failure>
    <system-out><![CDATA[=========================================================
RWCoarseList vs. SyncList (Large Repeating)
=========================================================
# threads = 8
7.608892726095403x improvement in add throughput (108.92998978781345 -> 828.8366069501403)
6.702259060620834x improvement in contains throughput (93.11573995489707 -> 624.0858117991223)
1.6181102362204725x improvement in remove throughput (2335.7664233576643 -> 3779.527559055118)
=========================================================
]]></system-out>
  </testcase>
</testsuite>